<?xml version="1.0" ?>
<!DOCTYPE coverage SYSTEM "http://cobertura.sourceforge.net/xml/coverage-04.dtd">
<coverage lines-valid="1496" lines-covered="1484" line-rate="0.9919" branches-valid="494" branches-covered="408" branch-rate="0.8259000000000001" timestamp="1709390635106" complexity="0" version="0.1">
  <sources>
    <source>C:\dev\movinin\src\api</source>
  </sources>
  <packages>
    <package name="src" line-rate="1" branch-rate="1">
      <classes>
        <class name="app.ts" filename="src\app.ts" line-rate="1" branch-rate="1">
          <methods>
          </methods>
          <lines>
            <line number="18" hits="8" branch="false"/>
            <line number="20" hits="8" branch="false"/>
            <line number="21" hits="8" branch="false"/>
            <line number="22" hits="8" branch="false"/>
            <line number="23" hits="8" branch="false"/>
            <line number="24" hits="8" branch="false"/>
            <line number="25" hits="8" branch="false"/>
            <line number="26" hits="8" branch="false"/>
            <line number="27" hits="8" branch="false"/>
            <line number="28" hits="8" branch="false"/>
            <line number="29" hits="8" branch="false"/>
            <line number="30" hits="8" branch="false"/>
            <line number="31" hits="8" branch="false"/>
            <line number="32" hits="8" branch="false"/>
            <line number="33" hits="8" branch="false"/>
            <line number="35" hits="8" branch="false"/>
            <line number="36" hits="8" branch="false"/>
            <line number="37" hits="8" branch="false"/>
            <line number="38" hits="8" branch="false"/>
            <line number="40" hits="8" branch="false"/>
            <line number="41" hits="8" branch="false"/>
            <line number="42" hits="8" branch="false"/>
            <line number="43" hits="8" branch="false"/>
            <line number="45" hits="8" branch="false"/>
            <line number="46" hits="8" branch="false"/>
            <line number="47" hits="8" branch="false"/>
            <line number="48" hits="8" branch="false"/>
            <line number="49" hits="8" branch="false"/>
            <line number="50" hits="8" branch="false"/>
            <line number="52" hits="8" branch="false"/>
            <line number="54" hits="8" branch="false"/>
            <line number="55" hits="8" branch="false"/>
            <line number="56" hits="8" branch="false"/>
            <line number="57" hits="8" branch="false"/>
          </lines>
        </class>
      </classes>
    </package>
    <package name="src.common" line-rate="0.9464" branch-rate="0.9">
      <classes>
        <class name="authHelper.ts" filename="src\common\authHelper.ts" line-rate="1" branch-rate="1">
          <methods>
            <method name="(anonymous_0)" hits="277" signature="()V">
              <lines>
                <line number="12" hits="277"/>
              </lines>
            </method>
            <method name="(anonymous_1)" hits="275" signature="()V">
              <lines>
                <line number="21" hits="275"/>
              </lines>
            </method>
            <method name="(anonymous_2)" hits="111" signature="()V">
              <lines>
                <line number="29" hits="111"/>
              </lines>
            </method>
          </methods>
          <lines>
            <line number="12" hits="277" branch="true" condition-coverage="100% (2/2)"/>
            <line number="21" hits="275" branch="true" condition-coverage="100% (2/2)"/>
            <line number="29" hits="8" branch="false"/>
            <line number="30" hits="111" branch="true" condition-coverage="100% (2/2)"/>
            <line number="32" hits="1" branch="false"/>
            <line number="35" hits="110" branch="true" condition-coverage="100% (2/2)"/>
            <line number="37" hits="1" branch="false"/>
            <line number="41" hits="109" branch="false"/>
          </lines>
        </class>
        <class name="databaseHelper.ts" filename="src\common\databaseHelper.ts" line-rate="0.7857" branch-rate="0.75">
          <methods>
            <method name="(anonymous_0)" hits="10" signature="()V">
              <lines>
                <line number="12" hits="10"/>
              </lines>
            </method>
            <method name="(anonymous_1)" hits="10" signature="()V">
              <lines>
                <line number="44" hits="10"/>
              </lines>
            </method>
          </methods>
          <lines>
            <line number="12" hits="8" branch="true" condition-coverage="100% (1/1)"/>
            <line number="13" hits="10" branch="false"/>
            <line number="15" hits="10" branch="true" condition-coverage="50% (1/2)"/>
            <line number="16" hits="0" branch="false"/>
            <line number="23" hits="10" branch="false"/>
            <line number="24" hits="10" branch="false"/>
            <line number="26" hits="10" branch="false"/>
            <line number="27" hits="10" branch="false"/>
            <line number="28" hits="10" branch="false"/>
            <line number="29" hits="10" branch="false"/>
            <line number="31" hits="0" branch="false"/>
            <line number="32" hits="0" branch="false"/>
            <line number="44" hits="8" branch="true" condition-coverage="100% (1/1)"/>
            <line number="45" hits="10" branch="false"/>
          </lines>
        </class>
        <class name="helper.ts" filename="src\common\helper.ts" line-rate="1" branch-rate="0.8332999999999999">
          <methods>
            <method name="(anonymous_0)" hits="30" signature="()V">
              <lines>
                <line number="13" hits="30"/>
              </lines>
            </method>
            <method name="(anonymous_1)" hits="74" signature="()V">
              <lines>
                <line number="29" hits="74"/>
              </lines>
            </method>
            <method name="(anonymous_2)" hits="32" signature="()V">
              <lines>
                <line number="47" hits="32"/>
              </lines>
            </method>
            <method name="(anonymous_3)" hits="26" signature="()V">
              <lines>
                <line number="59" hits="26"/>
              </lines>
            </method>
            <method name="(anonymous_4)" hits="14" signature="()V">
              <lines>
                <line number="75" hits="14"/>
              </lines>
            </method>
            <method name="(anonymous_5)" hits="2" signature="()V">
              <lines>
                <line number="93" hits="2"/>
              </lines>
            </method>
            <method name="(anonymous_6)" hits="59" signature="()V">
              <lines>
                <line number="101" hits="59"/>
              </lines>
            </method>
            <method name="(anonymous_7)" hits="51" signature="()V">
              <lines>
                <line number="109" hits="51"/>
              </lines>
            </method>
            <method name="(anonymous_8)" hits="79" signature="()V">
              <lines>
                <line number="117" hits="79"/>
              </lines>
            </method>
          </methods>
          <lines>
            <line number="13" hits="10" branch="false"/>
            <line number="14" hits="30" branch="false"/>
            <line number="15" hits="30" branch="false"/>
            <line number="17" hits="1" branch="false"/>
            <line number="29" hits="10" branch="false"/>
            <line number="30" hits="74" branch="false"/>
            <line number="31" hits="74" branch="false"/>
            <line number="32" hits="36" branch="false"/>
            <line number="34" hits="38" branch="false"/>
            <line number="47" hits="10" branch="false"/>
            <line number="48" hits="32" branch="false"/>
            <line number="59" hits="10" branch="false"/>
            <line number="60" hits="26" branch="false"/>
            <line number="61" hits="26" branch="false"/>
            <line number="62" hits="25" branch="false"/>
            <line number="64" hits="26" branch="false"/>
            <line number="75" hits="10" branch="false"/>
            <line number="76" hits="14" branch="false"/>
            <line number="77" hits="14" branch="false"/>
            <line number="79" hits="14" branch="true" condition-coverage="100% (2/2)"/>
            <line number="80" hits="2" branch="false"/>
            <line number="83" hits="14" branch="false"/>
            <line number="93" hits="10" branch="false"/>
            <line number="101" hits="59" branch="true" condition-coverage="50% (1/2)"/>
            <line number="109" hits="51" branch="false"/>
            <line number="117" hits="79" branch="true" condition-coverage="100% (2/2)"/>
          </lines>
        </class>
        <class name="mailHelper.ts" filename="src\common\mailHelper.ts" line-rate="1" branch-rate="1">
          <methods>
            <method name="(anonymous_0)" hits="19" signature="()V">
              <lines>
                <line number="12" hits="19"/>
              </lines>
            </method>
            <method name="(anonymous_1)" hits="19" signature="()V">
              <lines>
                <line number="24" hits="19"/>
              </lines>
            </method>
            <method name="(anonymous_2)" hits="19" signature="()V">
              <lines>
                <line number="25" hits="19"/>
              </lines>
            </method>
          </methods>
          <lines>
            <line number="12" hits="8" branch="false"/>
            <line number="13" hits="19" branch="false"/>
            <line number="22" hits="19" branch="false"/>
            <line number="24" hits="19" branch="false"/>
            <line number="25" hits="19" branch="false"/>
            <line number="26" hits="19" branch="true" condition-coverage="100% (2/2)"/>
            <line number="27" hits="1" branch="false"/>
            <line number="29" hits="18" branch="false"/>
          </lines>
        </class>
      </classes>
    </package>
    <package name="src.config" line-rate="1" branch-rate="0.9">
      <classes>
        <class name="agencyRoutes.config.ts" filename="src\config\agencyRoutes.config.ts" line-rate="1" branch-rate="1">
          <methods>
          </methods>
          <lines>
            <line number="1" hits="8" branch="false"/>
          </lines>
        </class>
        <class name="app.config.ts" filename="src\config\app.config.ts" line-rate="1" branch-rate="0.5">
          <methods>
          </methods>
          <lines>
            <line number="3" hits="8" branch="true" condition-coverage="50% (1/2)"/>
            <line number="5" hits="8" branch="false"/>
          </lines>
        </class>
        <class name="bookingRoutes.config.ts" filename="src\config\bookingRoutes.config.ts" line-rate="1" branch-rate="1">
          <methods>
          </methods>
          <lines>
            <line number="1" hits="8" branch="false"/>
          </lines>
        </class>
        <class name="env.config.ts" filename="src\config\env.config.ts" line-rate="1" branch-rate="1">
          <methods>
            <method name="(anonymous_0)" hits="256" signature="()V">
              <lines>
                <line number="15" hits="256"/>
              </lines>
            </method>
          </methods>
          <lines>
            <line number="15" hits="9" branch="false"/>
            <line number="16" hits="256" branch="false"/>
            <line number="17" hits="256" branch="true" condition-coverage="100% (4/4)"/>
            <line number="18" hits="1" branch="false"/>
            <line number="20" hits="255" branch="true" condition-coverage="100% (2/2)"/>
            <line number="21" hits="1" branch="true" condition-coverage="100% (2/2)"/>
            <line number="23" hits="254" branch="false"/>
            <line number="31" hits="9" branch="false"/>
            <line number="38" hits="9" branch="false"/>
            <line number="45" hits="9" branch="false"/>
            <line number="52" hits="9" branch="false"/>
            <line number="59" hits="9" branch="false"/>
            <line number="66" hits="9" branch="false"/>
            <line number="73" hits="9" branch="false"/>
            <line number="80" hits="9" branch="false"/>
            <line number="87" hits="9" branch="false"/>
            <line number="94" hits="9" branch="false"/>
            <line number="102" hits="9" branch="false"/>
            <line number="115" hits="9" branch="false"/>
            <line number="122" hits="9" branch="false"/>
            <line number="129" hits="9" branch="false"/>
            <line number="136" hits="9" branch="false"/>
            <line number="143" hits="9" branch="false"/>
            <line number="150" hits="9" branch="false"/>
            <line number="157" hits="9" branch="false"/>
            <line number="164" hits="9" branch="false"/>
            <line number="171" hits="9" branch="false"/>
            <line number="178" hits="9" branch="false"/>
            <line number="185" hits="9" branch="false"/>
            <line number="192" hits="9" branch="false"/>
            <line number="199" hits="9" branch="false"/>
            <line number="206" hits="9" branch="false"/>
            <line number="213" hits="9" branch="false"/>
            <line number="220" hits="9" branch="false"/>
            <line number="227" hits="9" branch="false"/>
            <line number="234" hits="9" branch="false"/>
            <line number="241" hits="9" branch="false"/>
            <line number="248" hits="9" branch="false"/>
            <line number="255" hits="9" branch="false"/>
          </lines>
        </class>
        <class name="locationRoutes.config.ts" filename="src\config\locationRoutes.config.ts" line-rate="1" branch-rate="1">
          <methods>
          </methods>
          <lines>
            <line number="1" hits="8" branch="false"/>
          </lines>
        </class>
        <class name="notificationRoutes.config.ts" filename="src\config\notificationRoutes.config.ts" line-rate="1" branch-rate="1">
          <methods>
          </methods>
          <lines>
            <line number="1" hits="8" branch="false"/>
          </lines>
        </class>
        <class name="propertyRoutes.config.ts" filename="src\config\propertyRoutes.config.ts" line-rate="1" branch-rate="1">
          <methods>
          </methods>
          <lines>
            <line number="1" hits="8" branch="false"/>
          </lines>
        </class>
        <class name="userRoutes.config.ts" filename="src\config\userRoutes.config.ts" line-rate="1" branch-rate="1">
          <methods>
          </methods>
          <lines>
            <line number="1" hits="8" branch="false"/>
          </lines>
        </class>
      </classes>
    </package>
    <package name="src.controllers" line-rate="0.9991" branch-rate="0.8262999999999999">
      <classes>
        <class name="agencyController.ts" filename="src\controllers\agencyController.ts" line-rate="1" branch-rate="0.7306999999999999">
          <methods>
            <method name="(anonymous_0)" hits="3" signature="()V">
              <lines>
                <line number="24" hits="3"/>
              </lines>
            </method>
            <method name="(anonymous_1)" hits="3" signature="()V">
              <lines>
                <line number="51" hits="3"/>
              </lines>
            </method>
            <method name="(anonymous_2)" hits="3" signature="()V">
              <lines>
                <line number="103" hits="3"/>
              </lines>
            </method>
            <method name="(anonymous_3)" hits="3" signature="()V">
              <lines>
                <line number="157" hits="3"/>
              </lines>
            </method>
            <method name="(anonymous_4)" hits="2" signature="()V">
              <lines>
                <line number="204" hits="2"/>
              </lines>
            </method>
            <method name="(anonymous_5)" hits="8" signature="()V">
              <lines>
                <line number="234" hits="8"/>
              </lines>
            </method>
            <method name="(anonymous_6)" hits="2" signature="()V">
              <lines>
                <line number="256" hits="2"/>
              </lines>
            </method>
            <method name="(anonymous_7)" hits="8" signature="()V">
              <lines>
                <line number="267" hits="8"/>
              </lines>
            </method>
          </methods>
          <lines>
            <line number="24" hits="8" branch="false"/>
            <line number="25" hits="3" branch="false"/>
            <line number="26" hits="3" branch="false"/>
            <line number="28" hits="3" branch="false"/>
            <line number="29" hits="3" branch="false"/>
            <line number="30" hits="2" branch="false"/>
            <line number="31" hits="2" branch="false"/>
            <line number="35" hits="2" branch="true" condition-coverage="100% (2/2)"/>
            <line number="37" hits="1" branch="false"/>
            <line number="38" hits="1" branch="false"/>
            <line number="51" hits="8" branch="false"/>
            <line number="52" hits="3" branch="false"/>
            <line number="53" hits="3" branch="false"/>
            <line number="55" hits="3" branch="false"/>
            <line number="56" hits="3" branch="true" condition-coverage="100% (2/2)"/>
            <line number="57" hits="1" branch="false"/>
            <line number="59" hits="2" branch="false"/>
            <line number="61" hits="2" branch="true" condition-coverage="100% (2/2)"/>
            <line number="68" hits="1" branch="false"/>
            <line number="69" hits="1" branch="false"/>
            <line number="70" hits="1" branch="false"/>
            <line number="71" hits="1" branch="false"/>
            <line number="72" hits="1" branch="false"/>
            <line number="73" hits="1" branch="false"/>
            <line number="75" hits="1" branch="false"/>
            <line number="76" hits="1" branch="false"/>
            <line number="86" hits="1" branch="false"/>
            <line number="87" hits="1" branch="false"/>
            <line number="89" hits="1" branch="false"/>
            <line number="90" hits="1" branch="false"/>
            <line number="103" hits="8" branch="false"/>
            <line number="104" hits="3" branch="false"/>
            <line number="106" hits="3" branch="false"/>
            <line number="107" hits="3" branch="false"/>
            <line number="109" hits="2" branch="true" condition-coverage="100% (2/2)"/>
            <line number="110" hits="1" branch="false"/>
            <line number="112" hits="1" branch="true" condition-coverage="50% (1/2)"/>
            <line number="113" hits="1" branch="false"/>
            <line number="114" hits="1" branch="true" condition-coverage="50% (1/2)"/>
            <line number="115" hits="1" branch="false"/>
            <line number="118" hits="1" branch="false"/>
            <line number="119" hits="1" branch="false"/>
            <line number="120" hits="1" branch="false"/>
            <line number="121" hits="1" branch="false"/>
            <line number="122" hits="1" branch="false"/>
            <line number="123" hits="1" branch="false"/>
            <line number="124" hits="1" branch="false"/>
            <line number="125" hits="1" branch="true" condition-coverage="50% (1/2)"/>
            <line number="126" hits="1" branch="false"/>
            <line number="128" hits="1" branch="true" condition-coverage="50% (1/2)"/>
            <line number="129" hits="1" branch="false"/>
            <line number="130" hits="1" branch="false"/>
            <line number="131" hits="1" branch="true" condition-coverage="50% (1/2)"/>
            <line number="132" hits="1" branch="false"/>
            <line number="139" hits="1" branch="false"/>
            <line number="141" hits="1" branch="false"/>
            <line number="143" hits="1" branch="false"/>
            <line number="144" hits="1" branch="false"/>
            <line number="157" hits="8" branch="false"/>
            <line number="158" hits="3" branch="false"/>
            <line number="160" hits="3" branch="false"/>
            <line number="161" hits="3" branch="false"/>
            <line number="163" hits="2" branch="true" condition-coverage="100% (2/2)"/>
            <line number="164" hits="1" branch="false"/>
            <line number="165" hits="1" branch="false"/>
            <line number="177" hits="1" branch="false"/>
            <line number="179" hits="1" branch="false"/>
            <line number="190" hits="1" branch="false"/>
            <line number="191" hits="1" branch="false"/>
            <line number="204" hits="8" branch="false"/>
            <line number="205" hits="2" branch="false"/>
            <line number="206" hits="2" branch="false"/>
            <line number="207" hits="2" branch="false"/>
            <line number="208" hits="2" branch="true" condition-coverage="100% (2/2)"/>
            <line number="209" hits="2" branch="false"/>
            <line number="211" hits="2" branch="false"/>
            <line number="233" hits="1" branch="true" condition-coverage="50% (1/2)"/>
            <line number="234" hits="1" branch="false"/>
            <line number="235" hits="8" branch="false"/>
            <line number="236" hits="8" branch="false"/>
            <line number="240" hits="1" branch="false"/>
            <line number="242" hits="1" branch="false"/>
            <line number="243" hits="1" branch="false"/>
            <line number="256" hits="8" branch="false"/>
            <line number="257" hits="2" branch="false"/>
            <line number="258" hits="2" branch="false"/>
            <line number="266" hits="1" branch="true" condition-coverage="50% (1/2)"/>
            <line number="267" hits="1" branch="false"/>
            <line number="268" hits="8" branch="false"/>
            <line number="269" hits="8" branch="false"/>
            <line number="273" hits="1" branch="false"/>
            <line number="275" hits="1" branch="false"/>
            <line number="276" hits="1" branch="false"/>
          </lines>
        </class>
        <class name="bookingController.ts" filename="src\controllers\bookingController.ts" line-rate="0.9956" branch-rate="0.7585999999999999">
          <methods>
            <method name="(anonymous_0)" hits="2" signature="()V">
              <lines>
                <line number="29" hits="2"/>
              </lines>
            </method>
            <method name="(anonymous_1)" hits="4" signature="()V">
              <lines>
                <line number="52" hits="4"/>
              </lines>
            </method>
            <method name="(anonymous_2)" hits="8" signature="()V">
              <lines>
                <line number="97" hits="8"/>
              </lines>
            </method>
            <method name="(anonymous_3)" hits="5" signature="()V">
              <lines>
                <line number="214" hits="5"/>
              </lines>
            </method>
            <method name="(anonymous_4)" hits="1" signature="()V">
              <lines>
                <line number="287" hits="1"/>
              </lines>
            </method>
            <method name="(anonymous_5)" hits="6" signature="()V">
              <lines>
                <line number="317" hits="6"/>
              </lines>
            </method>
            <method name="(anonymous_6)" hits="2" signature="()V">
              <lines>
                <line number="377" hits="2"/>
              </lines>
            </method>
            <method name="(anonymous_7)" hits="1" signature="()V">
              <lines>
                <line number="381" hits="1"/>
              </lines>
            </method>
            <method name="(anonymous_8)" hits="1" signature="()V">
              <lines>
                <line number="387" hits="1"/>
              </lines>
            </method>
            <method name="(anonymous_9)" hits="2" signature="()V">
              <lines>
                <line number="409" hits="2"/>
              </lines>
            </method>
            <method name="(anonymous_10)" hits="7" signature="()V">
              <lines>
                <line number="412" hits="7"/>
              </lines>
            </method>
            <method name="(anonymous_11)" hits="3" signature="()V">
              <lines>
                <line number="432" hits="3"/>
              </lines>
            </method>
            <method name="(anonymous_12)" hits="2" signature="()V">
              <lines>
                <line number="486" hits="2"/>
              </lines>
            </method>
            <method name="(anonymous_13)" hits="3" signature="()V">
              <lines>
                <line number="507" hits="3"/>
              </lines>
            </method>
            <method name="(anonymous_14)" hits="2" signature="()V">
              <lines>
                <line number="512" hits="2"/>
              </lines>
            </method>
            <method name="(anonymous_15)" hits="3" signature="()V">
              <lines>
                <line number="691" hits="3"/>
              </lines>
            </method>
            <method name="(anonymous_16)" hits="3" signature="()V">
              <lines>
                <line number="722" hits="3"/>
              </lines>
            </method>
          </methods>
          <lines>
            <line number="29" hits="8" branch="false"/>
            <line number="30" hits="2" branch="false"/>
            <line number="31" hits="2" branch="false"/>
            <line number="32" hits="2" branch="false"/>
            <line number="34" hits="2" branch="false"/>
            <line number="35" hits="1" branch="false"/>
            <line number="37" hits="1" branch="false"/>
            <line number="38" hits="1" branch="false"/>
            <line number="52" hits="8" branch="false"/>
            <line number="54" hits="4" branch="false"/>
            <line number="55" hits="4" branch="false"/>
            <line number="61" hits="4" branch="false"/>
            <line number="62" hits="4" branch="false"/>
            <line number="63" hits="4" branch="true" condition-coverage="100% (4/4)"/>
            <line number="64" hits="3" branch="false"/>
            <line number="65" hits="3" branch="false"/>
            <line number="67" hits="1" branch="false"/>
            <line number="68" hits="1" branch="false"/>
            <line number="72" hits="4" branch="false"/>
            <line number="74" hits="4" branch="false"/>
            <line number="85" hits="4" branch="false"/>
            <line number="97" hits="8" branch="false"/>
            <line number="98" hits="8" branch="false"/>
            <line number="100" hits="8" branch="false"/>
            <line number="101" hits="8" branch="false"/>
            <line number="103" hits="8" branch="true" condition-coverage="100% (2/2)"/>
            <line number="104" hits="1" branch="false"/>
            <line number="105" hits="1" branch="false"/>
            <line number="107" hits="1" branch="false"/>
            <line number="108" hits="1" branch="false"/>
            <line number="110" hits="1" branch="false"/>
            <line number="111" hits="1" branch="false"/>
            <line number="113" hits="1" branch="false"/>
            <line number="115" hits="1" branch="false"/>
            <line number="124" hits="1" branch="false"/>
            <line number="126" hits="1" branch="false"/>
            <line number="128" hits="7" branch="false"/>
            <line number="131" hits="8" branch="true" condition-coverage="100% (2/2)"/>
            <line number="132" hits="1" branch="false"/>
            <line number="133" hits="1" branch="false"/>
            <line number="136" hits="7" branch="false"/>
            <line number="137" hits="7" branch="true" condition-coverage="50% (1/2)"/>
            <line number="138" hits="7" branch="false"/>
            <line number="139" hits="7" branch="false"/>
            <line number="142" hits="7" branch="false"/>
            <line number="144" hits="7" branch="false"/>
            <line number="146" hits="6" branch="true" condition-coverage="50% (1/2)"/>
            <line number="147" hits="6" branch="false"/>
            <line number="155" hits="6" branch="false"/>
            <line number="156" hits="6" branch="false"/>
            <line number="157" hits="6" branch="false"/>
            <line number="159" hits="6" branch="true" condition-coverage="100% (2/2)"/>
            <line number="160" hits="1" branch="false"/>
            <line number="161" hits="1" branch="false"/>
            <line number="164" hits="5" branch="false"/>
            <line number="165" hits="5" branch="true" condition-coverage="100% (2/2)"/>
            <line number="166" hits="1" branch="false"/>
            <line number="167" hits="1" branch="false"/>
            <line number="170" hits="4" branch="false"/>
            <line number="187" hits="4" branch="false"/>
            <line number="190" hits="4" branch="false"/>
            <line number="191" hits="4" branch="true" condition-coverage="100% (2/2)"/>
            <line number="192" hits="1" branch="false"/>
            <line number="193" hits="1" branch="false"/>
            <line number="195" hits="3" branch="true" condition-coverage="50% (1/2)"/>
            <line number="196" hits="3" branch="false"/>
            <line number="198" hits="3" branch="false"/>
            <line number="200" hits="3" branch="false"/>
            <line number="202" hits="1" branch="false"/>
            <line number="203" hits="1" branch="false"/>
            <line number="214" hits="8" branch="false"/>
            <line number="215" hits="5" branch="false"/>
            <line number="217" hits="5" branch="true" condition-coverage="100% (2/2)"/>
            <line number="218" hits="1" branch="false"/>
            <line number="219" hits="1" branch="false"/>
            <line number="222" hits="4" branch="true" condition-coverage="50% (1/2)"/>
            <line number="223" hits="4" branch="false"/>
            <line number="226" hits="4" branch="false"/>
            <line number="227" hits="4" branch="false"/>
            <line number="232" hits="4" branch="false"/>
            <line number="234" hits="4" branch="false"/>
            <line number="235" hits="4" branch="true" condition-coverage="100% (4/4)"/>
            <line number="236" hits="3" branch="false"/>
            <line number="237" hits="3" branch="false"/>
            <line number="239" hits="1" branch="false"/>
            <line number="240" hits="1" branch="false"/>
            <line number="244" hits="4" branch="false"/>
            <line number="253" hits="4" branch="false"/>
            <line number="256" hits="4" branch="false"/>
            <line number="257" hits="4" branch="true" condition-coverage="100% (2/2)"/>
            <line number="258" hits="2" branch="false"/>
            <line number="259" hits="2" branch="false"/>
            <line number="261" hits="2" branch="true" condition-coverage="100% (2/2)"/>
            <line number="262" hits="1" branch="false"/>
            <line number="263" hits="1" branch="false"/>
            <line number="266" hits="1" branch="false"/>
            <line number="284" hits="1" branch="false"/>
            <line number="285" hits="1" branch="false"/>
            <line number="287" hits="1" branch="false"/>
            <line number="291" hits="1" branch="false"/>
            <line number="292" hits="1" branch="false"/>
            <line number="293" hits="1" branch="false"/>
            <line number="295" hits="1" branch="false"/>
            <line number="301" hits="0" branch="false"/>
            <line number="317" hits="8" branch="false"/>
            <line number="318" hits="6" branch="false"/>
            <line number="319" hits="6" branch="false"/>
            <line number="320" hits="6" branch="true" condition-coverage="100% (2/2)"/>
            <line number="321" hits="1" branch="false"/>
            <line number="323" hits="5" branch="false"/>
            <line number="325" hits="5" branch="true" condition-coverage="100% (2/2)"/>
            <line number="336" hits="4" branch="false"/>
            <line number="338" hits="4" branch="false"/>
            <line number="340" hits="4" branch="false"/>
            <line number="341" hits="4" branch="false"/>
            <line number="342" hits="4" branch="false"/>
            <line number="343" hits="4" branch="false"/>
            <line number="344" hits="4" branch="false"/>
            <line number="345" hits="4" branch="false"/>
            <line number="346" hits="4" branch="false"/>
            <line number="347" hits="4" branch="false"/>
            <line number="348" hits="4" branch="false"/>
            <line number="350" hits="4" branch="false"/>
            <line number="352" hits="4" branch="true" condition-coverage="50% (1/2)"/>
            <line number="354" hits="4" branch="false"/>
            <line number="357" hits="4" branch="false"/>
            <line number="360" hits="1" branch="false"/>
            <line number="361" hits="1" branch="false"/>
            <line number="363" hits="1" branch="false"/>
            <line number="364" hits="1" branch="false"/>
            <line number="377" hits="8" branch="false"/>
            <line number="378" hits="2" branch="false"/>
            <line number="379" hits="2" branch="false"/>
            <line number="380" hits="2" branch="false"/>
            <line number="381" hits="2" branch="false"/>
            <line number="382" hits="1" branch="false"/>
            <line number="383" hits="1" branch="false"/>
            <line number="385" hits="1" branch="false"/>
            <line number="386" hits="1" branch="false"/>
            <line number="387" hits="1" branch="false"/>
            <line number="388" hits="1" branch="true" condition-coverage="50% (1/2)"/>
            <line number="389" hits="1" branch="false"/>
            <line number="393" hits="1" branch="false"/>
            <line number="395" hits="1" branch="false"/>
            <line number="396" hits="1" branch="false"/>
            <line number="409" hits="8" branch="false"/>
            <line number="410" hits="2" branch="false"/>
            <line number="411" hits="2" branch="false"/>
            <line number="412" hits="7" branch="false"/>
            <line number="414" hits="1" branch="false"/>
            <line number="416" hits="1" branch="false"/>
            <line number="418" hits="1" branch="false"/>
            <line number="419" hits="1" branch="false"/>
            <line number="432" hits="8" branch="false"/>
            <line number="433" hits="3" branch="false"/>
            <line number="435" hits="3" branch="false"/>
            <line number="436" hits="3" branch="false"/>
            <line number="455" hits="2" branch="true" condition-coverage="100% (2/2)"/>
            <line number="456" hits="1" branch="false"/>
            <line number="458" hits="1" branch="true" condition-coverage="50% (1/2)"/>
            <line number="464" hits="1" branch="false"/>
            <line number="465" hits="1" branch="false"/>
            <line number="472" hits="1" branch="true" condition-coverage="50% (1/2)"/>
            <line number="478" hits="1" branch="false"/>
            <line number="479" hits="1" branch="false"/>
            <line number="486" hits="2" branch="false"/>
            <line number="487" hits="1" branch="false"/>
            <line number="490" hits="1" branch="false"/>
            <line number="491" hits="1" branch="false"/>
            <line number="493" hits="1" branch="false"/>
            <line number="494" hits="1" branch="false"/>
            <line number="507" hits="8" branch="false"/>
            <line number="508" hits="3" branch="false"/>
            <line number="509" hits="3" branch="false"/>
            <line number="510" hits="3" branch="false"/>
            <line number="511" hits="3" branch="false"/>
            <line number="512" hits="3" branch="false"/>
            <line number="517" hits="2" branch="false"/>
            <line number="518" hits="2" branch="true" condition-coverage="66.66666666666666% (2/3)"/>
            <line number="519" hits="2" branch="true" condition-coverage="75% (3/4)"/>
            <line number="520" hits="2" branch="true" condition-coverage="75% (3/4)"/>
            <line number="521" hits="2" branch="true" condition-coverage="66.66666666666666% (2/3)"/>
            <line number="522" hits="2" branch="false"/>
            <line number="524" hits="2" branch="false"/>
            <line number="527" hits="2" branch="true" condition-coverage="50% (1/2)"/>
            <line number="528" hits="2" branch="true" condition-coverage="50% (1/2)"/>
            <line number="529" hits="2" branch="false"/>
            <line number="533" hits="2" branch="true" condition-coverage="50% (1/2)"/>
            <line number="534" hits="2" branch="false"/>
            <line number="538" hits="2" branch="true" condition-coverage="50% (1/2)"/>
            <line number="539" hits="2" branch="false"/>
            <line number="541" hits="2" branch="true" condition-coverage="50% (1/2)"/>
            <line number="542" hits="2" branch="false"/>
            <line number="544" hits="2" branch="true" condition-coverage="50% (1/2)"/>
            <line number="545" hits="2" branch="false"/>
            <line number="547" hits="2" branch="true" condition-coverage="50% (1/2)"/>
            <line number="548" hits="2" branch="false"/>
            <line number="549" hits="2" branch="true" condition-coverage="100% (2/2)"/>
            <line number="550" hits="1" branch="false"/>
            <line number="554" hits="1" branch="false"/>
            <line number="555" hits="1" branch="false"/>
            <line number="567" hits="2" branch="false"/>
            <line number="569" hits="2" branch="false"/>
            <line number="666" hits="2" branch="true" condition-coverage="50% (1/2)"/>
            <line number="667" hits="2" branch="false"/>
            <line number="669" hits="2" branch="false"/>
            <line number="670" hits="2" branch="false"/>
            <line number="671" hits="2" branch="false"/>
            <line number="675" hits="2" branch="false"/>
            <line number="677" hits="1" branch="false"/>
            <line number="678" hits="1" branch="false"/>
            <line number="691" hits="8" branch="false"/>
            <line number="692" hits="3" branch="false"/>
            <line number="694" hits="3" branch="false"/>
            <line number="695" hits="3" branch="false"/>
            <line number="702" hits="2" branch="true" condition-coverage="100% (2/2)"/>
            <line number="703" hits="1" branch="false"/>
            <line number="706" hits="1" branch="false"/>
            <line number="708" hits="1" branch="false"/>
            <line number="709" hits="1" branch="false"/>
            <line number="722" hits="8" branch="false"/>
            <line number="723" hits="3" branch="false"/>
            <line number="725" hits="3" branch="false"/>
            <line number="726" hits="3" branch="false"/>
            <line number="733" hits="2" branch="true" condition-coverage="100% (5/5)"/>
            <line number="734" hits="1" branch="false"/>
            <line number="735" hits="1" branch="false"/>
            <line number="738" hits="1" branch="false"/>
            <line number="740" hits="1" branch="false"/>
            <line number="743" hits="1" branch="false"/>
            <line number="745" hits="1" branch="false"/>
            <line number="746" hits="1" branch="false"/>
          </lines>
        </class>
        <class name="locationController.ts" filename="src\controllers\locationController.ts" line-rate="1" branch-rate="1">
          <methods>
            <method name="(anonymous_0)" hits="3" signature="()V">
              <lines>
                <line number="20" hits="3"/>
              </lines>
            </method>
            <method name="(anonymous_1)" hits="2" signature="()V">
              <lines>
                <line number="48" hits="2"/>
              </lines>
            </method>
            <method name="(anonymous_2)" hits="3" signature="()V">
              <lines>
                <line number="81" hits="3"/>
              </lines>
            </method>
            <method name="(anonymous_3)" hits="6" signature="()V">
              <lines>
                <line number="91" hits="6"/>
              </lines>
            </method>
            <method name="(anonymous_4)" hits="3" signature="()V">
              <lines>
                <line number="125" hits="3"/>
              </lines>
            </method>
            <method name="(anonymous_5)" hits="3" signature="()V">
              <lines>
                <line number="153" hits="3"/>
              </lines>
            </method>
            <method name="(anonymous_6)" hits="6" signature="()V">
              <lines>
                <line number="160" hits="6"/>
              </lines>
            </method>
            <method name="(anonymous_7)" hits="2" signature="()V">
              <lines>
                <line number="182" hits="2"/>
              </lines>
            </method>
            <method name="(anonymous_8)" hits="3" signature="()V">
              <lines>
                <line number="242" hits="3"/>
              </lines>
            </method>
          </methods>
          <lines>
            <line number="20" hits="8" branch="false"/>
            <line number="21" hits="3" branch="false"/>
            <line number="22" hits="3" branch="false"/>
            <line number="24" hits="3" branch="false"/>
            <line number="25" hits="3" branch="false"/>
            <line number="26" hits="2" branch="false"/>
            <line number="28" hits="2" branch="false"/>
            <line number="32" hits="2" branch="true" condition-coverage="100% (2/2)"/>
            <line number="34" hits="1" branch="false"/>
            <line number="35" hits="1" branch="false"/>
            <line number="48" hits="8" branch="false"/>
            <line number="49" hits="2" branch="false"/>
            <line number="50" hits="2" branch="false"/>
            <line number="52" hits="2" branch="false"/>
            <line number="53" hits="2" branch="false"/>
            <line number="54" hits="2" branch="false"/>
            <line number="55" hits="2" branch="false"/>
            <line number="59" hits="2" branch="false"/>
            <line number="60" hits="2" branch="false"/>
            <line number="63" hits="1" branch="false"/>
            <line number="64" hits="1" branch="false"/>
            <line number="65" hits="1" branch="false"/>
            <line number="67" hits="1" branch="false"/>
            <line number="68" hits="1" branch="false"/>
            <line number="81" hits="8" branch="false"/>
            <line number="82" hits="3" branch="false"/>
            <line number="84" hits="3" branch="false"/>
            <line number="85" hits="3" branch="false"/>
            <line number="87" hits="3" branch="true" condition-coverage="100% (2/2)"/>
            <line number="88" hits="2" branch="false"/>
            <line number="90" hits="2" branch="false"/>
            <line number="91" hits="6" branch="false"/>
            <line number="92" hits="3" branch="true" condition-coverage="100% (2/2)"/>
            <line number="93" hits="2" branch="false"/>
            <line number="94" hits="2" branch="false"/>
            <line number="96" hits="1" branch="false"/>
            <line number="100" hits="1" branch="false"/>
            <line number="101" hits="1" branch="false"/>
            <line number="102" hits="1" branch="false"/>
            <line number="105" hits="1" branch="false"/>
            <line number="108" hits="1" branch="false"/>
            <line number="109" hits="1" branch="false"/>
            <line number="111" hits="1" branch="false"/>
            <line number="112" hits="1" branch="false"/>
            <line number="125" hits="8" branch="false"/>
            <line number="126" hits="3" branch="false"/>
            <line number="128" hits="3" branch="false"/>
            <line number="129" hits="3" branch="false"/>
            <line number="130" hits="2" branch="true" condition-coverage="100% (2/2)"/>
            <line number="131" hits="1" branch="false"/>
            <line number="132" hits="1" branch="false"/>
            <line number="133" hits="1" branch="false"/>
            <line number="135" hits="1" branch="false"/>
            <line number="136" hits="1" branch="false"/>
            <line number="137" hits="1" branch="false"/>
            <line number="139" hits="1" branch="false"/>
            <line number="140" hits="1" branch="false"/>
            <line number="153" hits="8" branch="false"/>
            <line number="154" hits="3" branch="false"/>
            <line number="156" hits="3" branch="false"/>
            <line number="157" hits="3" branch="false"/>
            <line number="159" hits="3" branch="true" condition-coverage="100% (2/2)"/>
            <line number="160" hits="6" branch="false"/>
            <line number="161" hits="1" branch="false"/>
            <line number="162" hits="1" branch="false"/>
            <line number="165" hits="1" branch="false"/>
            <line number="166" hits="1" branch="false"/>
            <line number="168" hits="1" branch="false"/>
            <line number="169" hits="1" branch="false"/>
            <line number="182" hits="8" branch="false"/>
            <line number="183" hits="2" branch="false"/>
            <line number="184" hits="2" branch="false"/>
            <line number="185" hits="2" branch="false"/>
            <line number="186" hits="2" branch="false"/>
            <line number="187" hits="2" branch="true" condition-coverage="100% (2/2)"/>
            <line number="188" hits="2" branch="false"/>
            <line number="190" hits="2" branch="false"/>
            <line number="226" hits="1" branch="false"/>
            <line number="228" hits="1" branch="false"/>
            <line number="229" hits="1" branch="false"/>
            <line number="242" hits="8" branch="false"/>
            <line number="243" hits="3" branch="false"/>
            <line number="245" hits="3" branch="false"/>
            <line number="246" hits="3" branch="false"/>
            <line number="248" hits="2" branch="false"/>
            <line number="253" hits="2" branch="true" condition-coverage="100% (2/2)"/>
            <line number="254" hits="1" branch="false"/>
            <line number="257" hits="1" branch="false"/>
            <line number="259" hits="1" branch="false"/>
            <line number="260" hits="1" branch="false"/>
          </lines>
        </class>
        <class name="notificationController.ts" filename="src\controllers\notificationController.ts" line-rate="1" branch-rate="1">
          <methods>
            <method name="(anonymous_0)" hits="3" signature="()V">
              <lines>
                <line number="16" hits="3"/>
              </lines>
            </method>
            <method name="(anonymous_1)" hits="2" signature="()V">
              <lines>
                <line number="43" hits="2"/>
              </lines>
            </method>
            <method name="(anonymous_2)" hits="3" signature="()V">
              <lines>
                <line number="81" hits="3"/>
              </lines>
            </method>
            <method name="(anonymous_3)" hits="2" signature="()V">
              <lines>
                <line number="85" hits="2"/>
              </lines>
            </method>
            <method name="(anonymous_4)" hits="3" signature="()V">
              <lines>
                <line number="128" hits="3"/>
              </lines>
            </method>
            <method name="(anonymous_5)" hits="2" signature="()V">
              <lines>
                <line number="132" hits="2"/>
              </lines>
            </method>
            <method name="(anonymous_6)" hits="3" signature="()V">
              <lines>
                <line number="175" hits="3"/>
              </lines>
            </method>
            <method name="(anonymous_7)" hits="4" signature="()V">
              <lines>
                <line number="179" hits="4"/>
              </lines>
            </method>
          </methods>
          <lines>
            <line number="16" hits="8" branch="false"/>
            <line number="17" hits="3" branch="false"/>
            <line number="18" hits="3" branch="false"/>
            <line number="19" hits="3" branch="false"/>
            <line number="21" hits="2" branch="true" condition-coverage="100% (2/2)"/>
            <line number="22" hits="1" branch="false"/>
            <line number="25" hits="1" branch="false"/>
            <line number="26" hits="1" branch="false"/>
            <line number="27" hits="1" branch="false"/>
            <line number="29" hits="1" branch="false"/>
            <line number="30" hits="1" branch="false"/>
            <line number="43" hits="8" branch="false"/>
            <line number="44" hits="2" branch="false"/>
            <line number="46" hits="2" branch="false"/>
            <line number="47" hits="2" branch="false"/>
            <line number="48" hits="2" branch="false"/>
            <line number="49" hits="2" branch="false"/>
            <line number="51" hits="2" branch="false"/>
            <line number="65" hits="1" branch="false"/>
            <line number="67" hits="1" branch="false"/>
            <line number="68" hits="1" branch="false"/>
            <line number="81" hits="8" branch="false"/>
            <line number="82" hits="3" branch="false"/>
            <line number="83" hits="3" branch="false"/>
            <line number="84" hits="3" branch="false"/>
            <line number="85" hits="3" branch="false"/>
            <line number="86" hits="2" branch="false"/>
            <line number="87" hits="2" branch="false"/>
            <line number="89" hits="2" branch="false"/>
            <line number="90" hits="2" branch="false"/>
            <line number="94" hits="2" branch="false"/>
            <line number="96" hits="2" branch="false"/>
            <line number="97" hits="2" branch="false"/>
            <line number="105" hits="2" branch="false"/>
            <line number="106" hits="2" branch="true" condition-coverage="100% (4/4)"/>
            <line number="107" hits="1" branch="false"/>
            <line number="109" hits="1" branch="false"/>
            <line number="110" hits="1" branch="false"/>
            <line number="112" hits="1" branch="false"/>
            <line number="114" hits="1" branch="false"/>
            <line number="115" hits="1" branch="false"/>
            <line number="128" hits="8" branch="false"/>
            <line number="129" hits="3" branch="false"/>
            <line number="130" hits="3" branch="false"/>
            <line number="131" hits="3" branch="false"/>
            <line number="132" hits="3" branch="false"/>
            <line number="133" hits="2" branch="false"/>
            <line number="134" hits="2" branch="false"/>
            <line number="136" hits="2" branch="false"/>
            <line number="137" hits="2" branch="false"/>
            <line number="141" hits="2" branch="false"/>
            <line number="143" hits="2" branch="false"/>
            <line number="144" hits="2" branch="false"/>
            <line number="152" hits="2" branch="false"/>
            <line number="153" hits="2" branch="true" condition-coverage="100% (4/4)"/>
            <line number="154" hits="1" branch="false"/>
            <line number="156" hits="1" branch="false"/>
            <line number="157" hits="1" branch="false"/>
            <line number="159" hits="1" branch="false"/>
            <line number="161" hits="1" branch="false"/>
            <line number="162" hits="1" branch="false"/>
            <line number="175" hits="8" branch="false"/>
            <line number="176" hits="3" branch="false"/>
            <line number="177" hits="3" branch="false"/>
            <line number="178" hits="3" branch="false"/>
            <line number="179" hits="4" branch="false"/>
            <line number="180" hits="2" branch="false"/>
            <line number="181" hits="2" branch="false"/>
            <line number="183" hits="2" branch="false"/>
            <line number="187" hits="2" branch="false"/>
            <line number="189" hits="2" branch="false"/>
            <line number="190" hits="2" branch="true" condition-coverage="100% (4/4)"/>
            <line number="191" hits="1" branch="false"/>
            <line number="193" hits="1" branch="false"/>
            <line number="194" hits="1" branch="false"/>
            <line number="196" hits="1" branch="false"/>
            <line number="198" hits="1" branch="false"/>
            <line number="199" hits="1" branch="false"/>
          </lines>
        </class>
        <class name="propertyController.ts" filename="src\controllers\propertyController.ts" line-rate="1" branch-rate="0.75">
          <methods>
            <method name="(anonymous_0)" hits="6" signature="()V">
              <lines>
                <line number="23" hits="6"/>
              </lines>
            </method>
            <method name="(anonymous_1)" hits="6" signature="()V">
              <lines>
                <line number="132" hits="6"/>
              </lines>
            </method>
            <method name="(anonymous_2)" hits="4" signature="()V">
              <lines>
                <line number="268" hits="4"/>
              </lines>
            </method>
            <method name="(anonymous_3)" hits="4" signature="()V">
              <lines>
                <line number="298" hits="4"/>
              </lines>
            </method>
            <method name="(anonymous_4)" hits="2" signature="()V">
              <lines>
                <line number="332" hits="2"/>
              </lines>
            </method>
            <method name="(anonymous_5)" hits="2" signature="()V">
              <lines>
                <line number="358" hits="2"/>
              </lines>
            </method>
            <method name="(anonymous_6)" hits="4" signature="()V">
              <lines>
                <line number="383" hits="4"/>
              </lines>
            </method>
            <method name="(anonymous_7)" hits="2" signature="()V">
              <lines>
                <line number="390" hits="2"/>
              </lines>
            </method>
            <method name="(anonymous_8)" hits="3" signature="()V">
              <lines>
                <line number="421" hits="3"/>
              </lines>
            </method>
            <method name="(anonymous_9)" hits="2" signature="()V">
              <lines>
                <line number="452" hits="2"/>
              </lines>
            </method>
            <method name="(anonymous_10)" hits="5" signature="()V">
              <lines>
                <line number="474" hits="5"/>
              </lines>
            </method>
            <method name="(anonymous_11)" hits="4" signature="()V">
              <lines>
                <line number="479" hits="4"/>
              </lines>
            </method>
            <method name="(anonymous_12)" hits="2" signature="()V">
              <lines>
                <line number="609" hits="2"/>
              </lines>
            </method>
            <method name="(anonymous_13)" hits="2" signature="()V">
              <lines>
                <line number="652" hits="2"/>
              </lines>
            </method>
            <method name="(anonymous_14)" hits="1" signature="()V">
              <lines>
                <line number="657" hits="1"/>
              </lines>
            </method>
          </methods>
          <lines>
            <line number="23" hits="8" branch="false"/>
            <line number="24" hits="6" branch="false"/>
            <line number="26" hits="6" branch="false"/>
            <line number="49" hits="6" branch="false"/>
            <line number="51" hits="6" branch="false"/>
            <line number="73" hits="6" branch="false"/>
            <line number="74" hits="6" branch="false"/>
            <line number="77" hits="5" branch="false"/>
            <line number="78" hits="5" branch="true" condition-coverage="100% (2/2)"/>
            <line number="79" hits="2" branch="false"/>
            <line number="80" hits="2" branch="false"/>
            <line number="82" hits="2" branch="false"/>
            <line number="83" hits="2" branch="false"/>
            <line number="85" hits="3" branch="false"/>
            <line number="86" hits="3" branch="false"/>
            <line number="87" hits="3" branch="false"/>
            <line number="88" hits="3" branch="false"/>
            <line number="92" hits="2" branch="false"/>
            <line number="93" hits="2" branch="false"/>
            <line number="94" hits="2" branch="true" condition-coverage="50% (1/2)"/>
            <line number="95" hits="2" branch="false"/>
            <line number="96" hits="3" branch="false"/>
            <line number="98" hits="3" branch="true" condition-coverage="100% (2/2)"/>
            <line number="99" hits="2" branch="false"/>
            <line number="100" hits="2" branch="false"/>
            <line number="102" hits="2" branch="false"/>
            <line number="103" hits="2" branch="false"/>
            <line number="105" hits="1" branch="false"/>
            <line number="106" hits="1" branch="false"/>
            <line number="107" hits="1" branch="false"/>
            <line number="108" hits="1" branch="false"/>
            <line number="110" hits="2" branch="false"/>
            <line number="114" hits="1" branch="false"/>
            <line number="116" hits="1" branch="false"/>
            <line number="118" hits="1" branch="false"/>
            <line number="119" hits="1" branch="false"/>
            <line number="132" hits="8" branch="false"/>
            <line number="133" hits="6" branch="false"/>
            <line number="134" hits="6" branch="false"/>
            <line number="136" hits="6" branch="false"/>
            <line number="137" hits="6" branch="true" condition-coverage="100% (2/2)"/>
            <line number="138" hits="1" branch="false"/>
            <line number="140" hits="5" branch="false"/>
            <line number="142" hits="5" branch="true" condition-coverage="100% (2/2)"/>
            <line number="166" hits="4" branch="false"/>
            <line number="168" hits="4" branch="false"/>
            <line number="169" hits="4" branch="false"/>
            <line number="170" hits="4" branch="false"/>
            <line number="171" hits="4" branch="false"/>
            <line number="172" hits="4" branch="false"/>
            <line number="173" hits="4" branch="false"/>
            <line number="174" hits="4" branch="false"/>
            <line number="175" hits="4" branch="false"/>
            <line number="176" hits="4" branch="false"/>
            <line number="177" hits="4" branch="false"/>
            <line number="178" hits="4" branch="false"/>
            <line number="179" hits="4" branch="false"/>
            <line number="180" hits="4" branch="false"/>
            <line number="181" hits="4" branch="false"/>
            <line number="182" hits="4" branch="false"/>
            <line number="183" hits="4" branch="false"/>
            <line number="184" hits="4" branch="false"/>
            <line number="185" hits="4" branch="false"/>
            <line number="186" hits="4" branch="false"/>
            <line number="187" hits="4" branch="false"/>
            <line number="189" hits="4" branch="true" condition-coverage="75% (3/4)"/>
            <line number="190" hits="4" branch="false"/>
            <line number="191" hits="4" branch="true" condition-coverage="50% (1/2)"/>
            <line number="192" hits="4" branch="false"/>
            <line number="195" hits="4" branch="false"/>
            <line number="196" hits="4" branch="false"/>
            <line number="198" hits="4" branch="false"/>
            <line number="199" hits="4" branch="false"/>
            <line number="200" hits="4" branch="false"/>
            <line number="204" hits="4" branch="false"/>
            <line number="205" hits="4" branch="true" condition-coverage="75% (3/4)"/>
            <line number="206" hits="4" branch="true" condition-coverage="100% (2/2)"/>
            <line number="207" hits="1" branch="false"/>
            <line number="208" hits="2" branch="false"/>
            <line number="209" hits="2" branch="true" condition-coverage="50% (1/2)"/>
            <line number="210" hits="2" branch="false"/>
            <line number="214" hits="3" branch="false"/>
            <line number="215" hits="4" branch="true" condition-coverage="100% (2/2)"/>
            <line number="216" hits="2" branch="false"/>
            <line number="217" hits="2" branch="true" condition-coverage="50% (1/2)"/>
            <line number="218" hits="2" branch="false"/>
            <line number="221" hits="2" branch="false"/>
            <line number="226" hits="4" branch="false"/>
            <line number="229" hits="4" branch="true" condition-coverage="50% (1/2)"/>
            <line number="230" hits="4" branch="false"/>
            <line number="231" hits="4" branch="false"/>
            <line number="232" hits="6" branch="true" condition-coverage="100% (2/2)"/>
            <line number="233" hits="4" branch="false"/>
            <line number="235" hits="4" branch="true" condition-coverage="50% (1/2)"/>
            <line number="236" hits="4" branch="false"/>
            <line number="237" hits="4" branch="false"/>
            <line number="239" hits="4" branch="false"/>
            <line number="240" hits="4" branch="false"/>
            <line number="243" hits="6" branch="false"/>
            <line number="247" hits="4" branch="false"/>
            <line number="248" hits="4" branch="false"/>
            <line number="251" hits="1" branch="false"/>
            <line number="252" hits="1" branch="false"/>
            <line number="254" hits="1" branch="false"/>
            <line number="255" hits="1" branch="false"/>
            <line number="268" hits="8" branch="false"/>
            <line number="269" hits="4" branch="false"/>
            <line number="271" hits="4" branch="false"/>
            <line number="272" hits="4" branch="false"/>
            <line number="273" hits="2" branch="false"/>
            <line number="278" hits="2" branch="true" condition-coverage="100% (2/2)"/>
            <line number="279" hits="1" branch="false"/>
            <line number="282" hits="1" branch="false"/>
            <line number="284" hits="2" branch="false"/>
            <line number="285" hits="2" branch="false"/>
            <line number="298" hits="8" branch="false"/>
            <line number="299" hits="4" branch="false"/>
            <line number="301" hits="4" branch="false"/>
            <line number="302" hits="4" branch="false"/>
            <line number="303" hits="2" branch="true" condition-coverage="100% (2/2)"/>
            <line number="304" hits="1" branch="false"/>
            <line number="306" hits="1" branch="true" condition-coverage="50% (1/2)"/>
            <line number="307" hits="1" branch="false"/>
            <line number="308" hits="1" branch="true" condition-coverage="50% (1/2)"/>
            <line number="309" hits="1" branch="false"/>
            <line number="312" hits="1" branch="false"/>
            <line number="314" hits="1" branch="false"/>
            <line number="316" hits="1" branch="false"/>
            <line number="318" hits="2" branch="false"/>
            <line number="319" hits="2" branch="false"/>
            <line number="332" hits="8" branch="false"/>
            <line number="333" hits="2" branch="false"/>
            <line number="334" hits="2" branch="true" condition-coverage="100% (2/2)"/>
            <line number="335" hits="1" branch="false"/>
            <line number="338" hits="1" branch="false"/>
            <line number="339" hits="1" branch="false"/>
            <line number="341" hits="1" branch="false"/>
            <line number="342" hits="1" branch="false"/>
            <line number="344" hits="1" branch="false"/>
            <line number="345" hits="1" branch="false"/>
            <line number="358" hits="8" branch="false"/>
            <line number="359" hits="2" branch="false"/>
            <line number="360" hits="2" branch="false"/>
            <line number="361" hits="2" branch="true" condition-coverage="100% (2/2)"/>
            <line number="362" hits="1" branch="false"/>
            <line number="365" hits="1" branch="false"/>
            <line number="367" hits="1" branch="false"/>
            <line number="369" hits="1" branch="false"/>
            <line number="370" hits="1" branch="false"/>
            <line number="383" hits="8" branch="false"/>
            <line number="384" hits="4" branch="false"/>
            <line number="385" hits="4" branch="false"/>
            <line number="387" hits="4" branch="false"/>
            <line number="389" hits="3" branch="true" condition-coverage="100% (4/4)"/>
            <line number="390" hits="2" branch="false"/>
            <line number="392" hits="2" branch="true" condition-coverage="100% (2/2)"/>
            <line number="393" hits="1" branch="false"/>
            <line number="394" hits="1" branch="true" condition-coverage="50% (1/2)"/>
            <line number="395" hits="1" branch="false"/>
            <line number="397" hits="1" branch="false"/>
            <line number="398" hits="1" branch="false"/>
            <line number="399" hits="1" branch="false"/>
            <line number="402" hits="1" branch="false"/>
            <line number="405" hits="1" branch="false"/>
            <line number="407" hits="1" branch="false"/>
            <line number="408" hits="1" branch="false"/>
            <line number="421" hits="8" branch="false"/>
            <line number="422" hits="3" branch="false"/>
            <line number="424" hits="3" branch="false"/>
            <line number="425" hits="3" branch="false"/>
            <line number="436" hits="2" branch="true" condition-coverage="100% (2/2)"/>
            <line number="437" hits="1" branch="true" condition-coverage="50% (1/2)"/>
            <line number="443" hits="1" branch="false"/>
            <line number="444" hits="1" branch="false"/>
            <line number="452" hits="2" branch="false"/>
            <line number="454" hits="1" branch="false"/>
            <line number="457" hits="1" branch="false"/>
            <line number="458" hits="1" branch="false"/>
            <line number="460" hits="1" branch="false"/>
            <line number="461" hits="1" branch="false"/>
            <line number="474" hits="8" branch="false"/>
            <line number="475" hits="5" branch="false"/>
            <line number="476" hits="5" branch="false"/>
            <line number="477" hits="5" branch="false"/>
            <line number="478" hits="5" branch="false"/>
            <line number="479" hits="5" branch="false"/>
            <line number="480" hits="4" branch="true" condition-coverage="100% (2/2)"/>
            <line number="481" hits="4" branch="true" condition-coverage="50% (1/2)"/>
            <line number="482" hits="4" branch="true" condition-coverage="50% (1/2)"/>
            <line number="483" hits="4" branch="true" condition-coverage="50% (1/2)"/>
            <line number="484" hits="4" branch="false"/>
            <line number="485" hits="4" branch="true" condition-coverage="50% (1/2)"/>
            <line number="487" hits="4" branch="false"/>
            <line number="495" hits="4" branch="true" condition-coverage="50% (1/2)"/>
            <line number="496" hits="4" branch="true" condition-coverage="50% (1/2)"/>
            <line number="497" hits="4" branch="true" condition-coverage="100% (4/4)"/>
            <line number="498" hits="1" branch="false"/>
            <line number="499" hits="3" branch="true" condition-coverage="100% (4/4)"/>
            <line number="500" hits="1" branch="false"/>
            <line number="501" hits="2" branch="true" condition-coverage="100% (2/2)"/>
            <line number="502" hits="1" branch="false"/>
            <line number="507" hits="3" branch="false"/>
            <line number="584" hits="3" branch="true" condition-coverage="50% (1/2)"/>
            <line number="585" hits="3" branch="false"/>
            <line number="586" hits="2" branch="true" condition-coverage="50% (1/2)"/>
            <line number="587" hits="2" branch="false"/>
            <line number="588" hits="2" branch="false"/>
            <line number="593" hits="3" branch="false"/>
            <line number="595" hits="1" branch="false"/>
            <line number="596" hits="1" branch="false"/>
            <line number="609" hits="8" branch="false"/>
            <line number="610" hits="2" branch="false"/>
            <line number="611" hits="2" branch="false"/>
            <line number="612" hits="2" branch="false"/>
            <line number="613" hits="2" branch="false"/>
            <line number="614" hits="2" branch="true" condition-coverage="100% (2/2)"/>
            <line number="615" hits="2" branch="false"/>
            <line number="616" hits="2" branch="false"/>
            <line number="617" hits="2" branch="false"/>
            <line number="619" hits="2" branch="false"/>
            <line number="636" hits="1" branch="false"/>
            <line number="638" hits="1" branch="false"/>
            <line number="639" hits="1" branch="false"/>
            <line number="652" hits="8" branch="false"/>
            <line number="653" hits="2" branch="false"/>
            <line number="654" hits="2" branch="false"/>
            <line number="655" hits="2" branch="false"/>
            <line number="656" hits="2" branch="false"/>
            <line number="657" hits="2" branch="false"/>
            <line number="658" hits="1" branch="false"/>
            <line number="659" hits="1" branch="true" condition-coverage="50% (1/2)"/>
            <line number="660" hits="1" branch="true" condition-coverage="50% (1/2)"/>
            <line number="662" hits="1" branch="false"/>
            <line number="673" hits="1" branch="false"/>
            <line number="719" hits="1" branch="true" condition-coverage="50% (1/2)"/>
            <line number="720" hits="1" branch="false"/>
            <line number="721" hits="1" branch="true" condition-coverage="50% (1/2)"/>
            <line number="722" hits="1" branch="false"/>
            <line number="723" hits="1" branch="false"/>
            <line number="728" hits="1" branch="false"/>
            <line number="730" hits="1" branch="false"/>
            <line number="731" hits="1" branch="false"/>
          </lines>
        </class>
        <class name="userController.ts" filename="src\controllers\userController.ts" line-rate="1" branch-rate="0.882">
          <methods>
            <method name="(anonymous_0)" hits="7" signature="()V">
              <lines>
                <line number="30" hits="7"/>
              </lines>
            </method>
            <method name="(anonymous_1)" hits="5" signature="()V">
              <lines>
                <line number="37" hits="5"/>
              </lines>
            </method>
            <method name="(anonymous_2)" hits="3" signature="()V">
              <lines>
                <line number="48" hits="3"/>
              </lines>
            </method>
            <method name="(anonymous_3)" hits="2" signature="()V">
              <lines>
                <line number="112" hits="2"/>
              </lines>
            </method>
            <method name="(anonymous_4)" hits="1" signature="()V">
              <lines>
                <line number="125" hits="1"/>
              </lines>
            </method>
            <method name="(anonymous_5)" hits="4" signature="()V">
              <lines>
                <line number="138" hits="4"/>
              </lines>
            </method>
            <method name="(anonymous_6)" hits="6" signature="()V">
              <lines>
                <line number="210" hits="6"/>
              </lines>
            </method>
            <method name="(anonymous_7)" hits="3" signature="()V">
              <lines>
                <line number="259" hits="3"/>
              </lines>
            </method>
            <method name="(anonymous_8)" hits="4" signature="()V">
              <lines>
                <line number="287" hits="4"/>
              </lines>
            </method>
            <method name="(anonymous_9)" hits="4" signature="()V">
              <lines>
                <line number="354" hits="4"/>
              </lines>
            </method>
            <method name="(anonymous_10)" hits="62" signature="()V">
              <lines>
                <line number="398" hits="62"/>
              </lines>
            </method>
            <method name="(anonymous_11)" hits="53" signature="()V">
              <lines>
                <line number="508" hits="53"/>
              </lines>
            </method>
            <method name="(anonymous_12)" hits="3" signature="()V">
              <lines>
                <line number="525" hits="3"/>
              </lines>
            </method>
            <method name="(anonymous_13)" hits="3" signature="()V">
              <lines>
                <line number="554" hits="3"/>
              </lines>
            </method>
            <method name="(anonymous_14)" hits="2" signature="()V">
              <lines>
                <line number="589" hits="2"/>
              </lines>
            </method>
            <method name="(anonymous_15)" hits="3" signature="()V">
              <lines>
                <line number="614" hits="3"/>
              </lines>
            </method>
            <method name="(anonymous_16)" hits="1" signature="()V">
              <lines>
                <line number="644" hits="1"/>
              </lines>
            </method>
            <method name="(anonymous_17)" hits="5" signature="()V">
              <lines>
                <line number="655" hits="5"/>
              </lines>
            </method>
            <method name="(anonymous_18)" hits="5" signature="()V">
              <lines>
                <line number="707" hits="5"/>
              </lines>
            </method>
            <method name="(anonymous_19)" hits="4" signature="()V">
              <lines>
                <line number="766" hits="4"/>
              </lines>
            </method>
            <method name="(anonymous_20)" hits="3" signature="()V">
              <lines>
                <line number="827" hits="3"/>
              </lines>
            </method>
            <method name="(anonymous_21)" hits="3" signature="()V">
              <lines>
                <line number="864" hits="3"/>
              </lines>
            </method>
            <method name="(anonymous_22)" hits="6" signature="()V">
              <lines>
                <line number="898" hits="6"/>
              </lines>
            </method>
            <method name="(anonymous_23)" hits="2" signature="()V">
              <lines>
                <line number="943" hits="2"/>
              </lines>
            </method>
            <method name="(anonymous_24)" hits="4" signature="()V">
              <lines>
                <line number="969" hits="4"/>
              </lines>
            </method>
            <method name="(anonymous_25)" hits="3" signature="()V">
              <lines>
                <line number="1016" hits="3"/>
              </lines>
            </method>
            <method name="(anonymous_26)" hits="2" signature="()V">
              <lines>
                <line number="1052" hits="2"/>
              </lines>
            </method>
            <method name="(anonymous_27)" hits="7" signature="()V">
              <lines>
                <line number="1079" hits="7"/>
              </lines>
            </method>
            <method name="(anonymous_28)" hits="2" signature="()V">
              <lines>
                <line number="1104" hits="2"/>
              </lines>
            </method>
            <method name="(anonymous_29)" hits="5" signature="()V">
              <lines>
                <line number="1138" hits="5"/>
              </lines>
            </method>
            <method name="(anonymous_30)" hits="2" signature="()V">
              <lines>
                <line number="1179" hits="2"/>
              </lines>
            </method>
            <method name="(anonymous_31)" hits="4" signature="()V">
              <lines>
                <line number="1255" hits="4"/>
              </lines>
            </method>
            <method name="(anonymous_32)" hits="5" signature="()V">
              <lines>
                <line number="1258" hits="5"/>
              </lines>
            </method>
          </methods>
          <lines>
            <line number="30" hits="8" branch="false"/>
            <line number="37" hits="8" branch="false"/>
            <line number="48" hits="8" branch="false"/>
            <line number="49" hits="3" branch="false"/>
            <line number="51" hits="3" branch="false"/>
            <line number="52" hits="3" branch="false"/>
            <line number="53" hits="3" branch="false"/>
            <line number="54" hits="3" branch="false"/>
            <line number="55" hits="3" branch="false"/>
            <line number="57" hits="3" branch="false"/>
            <line number="58" hits="3" branch="false"/>
            <line number="59" hits="3" branch="false"/>
            <line number="60" hits="2" branch="false"/>
            <line number="62" hits="2" branch="false"/>
            <line number="63" hits="2" branch="false"/>
            <line number="65" hits="2" branch="true" condition-coverage="100% (2/2)"/>
            <line number="66" hits="1" branch="false"/>
            <line number="67" hits="1" branch="true" condition-coverage="50% (1/2)"/>
            <line number="68" hits="1" branch="false"/>
            <line number="69" hits="1" branch="false"/>
            <line number="71" hits="1" branch="false"/>
            <line number="72" hits="1" branch="false"/>
            <line number="73" hits="1" branch="false"/>
            <line number="78" hits="2" branch="false"/>
            <line number="80" hits="2" branch="false"/>
            <line number="83" hits="2" branch="false"/>
            <line number="85" hits="2" branch="false"/>
            <line number="95" hits="2" branch="false"/>
            <line number="96" hits="2" branch="false"/>
            <line number="98" hits="1" branch="false"/>
            <line number="99" hits="1" branch="false"/>
            <line number="112" hits="8" branch="false"/>
            <line number="113" hits="2" branch="false"/>
            <line number="125" hits="8" branch="false"/>
            <line number="126" hits="1" branch="false"/>
            <line number="138" hits="8" branch="false"/>
            <line number="139" hits="4" branch="false"/>
            <line number="141" hits="4" branch="false"/>
            <line number="142" hits="4" branch="false"/>
            <line number="143" hits="4" branch="false"/>
            <line number="145" hits="4" branch="true" condition-coverage="100% (2/2)"/>
            <line number="146" hits="1" branch="false"/>
            <line number="147" hits="1" branch="false"/>
[...]
            <line number="1139" hits="5" branch="false"/>
            <line number="1141" hits="5" branch="false"/>
            <line number="1142" hits="5" branch="true" condition-coverage="100% (2/2)"/>
            <line number="1143" hits="1" branch="false"/>
            <line number="1146" hits="4" branch="false"/>
            <line number="1148" hits="4" branch="true" condition-coverage="100% (2/2)"/>
            <line number="1149" hits="3" branch="true" condition-coverage="100% (2/2)"/>
            <line number="1150" hits="1" branch="false"/>
            <line number="1151" hits="1" branch="false"/>
            <line number="1154" hits="2" branch="false"/>
            <line number="1155" hits="2" branch="true" condition-coverage="100% (2/2)"/>
            <line number="1156" hits="1" branch="false"/>
            <line number="1159" hits="1" branch="false"/>
            <line number="1162" hits="1" branch="false"/>
            <line number="1163" hits="1" branch="false"/>
            <line number="1165" hits="1" branch="false"/>
            <line number="1166" hits="1" branch="false"/>
            <line number="1179" hits="8" branch="false"/>
            <line number="1180" hits="2" branch="false"/>
            <line number="1181" hits="2" branch="true" condition-coverage="100% (2/2)"/>
            <line number="1182" hits="2" branch="false"/>
            <line number="1183" hits="2" branch="false"/>
            <line number="1184" hits="2" branch="false"/>
            <line number="1185" hits="2" branch="false"/>
            <line number="1186" hits="2" branch="false"/>
            <line number="1188" hits="2" branch="false"/>
            <line number="1199" hits="2" branch="true" condition-coverage="75% (3/4)"/>
            <line number="1200" hits="2" branch="false"/>
            <line number="1203" hits="2" branch="false"/>
            <line number="1239" hits="1" branch="false"/>
            <line number="1241" hits="1" branch="false"/>
            <line number="1242" hits="1" branch="false"/>
            <line number="1255" hits="8" branch="false"/>
            <line number="1256" hits="4" branch="false"/>
            <line number="1257" hits="4" branch="false"/>
            <line number="1258" hits="5" branch="false"/>
            <line number="1260" hits="3" branch="false"/>
            <line number="1261" hits="5" branch="false"/>
            <line number="1263" hits="5" branch="true" condition-coverage="100% (2/2)"/>
            <line number="1264" hits="4" branch="false"/>
            <line number="1266" hits="4" branch="true" condition-coverage="100% (2/2)"/>
            <line number="1267" hits="1" branch="false"/>
            <line number="1268" hits="1" branch="true" condition-coverage="50% (1/2)"/>
            <line number="1269" hits="1" branch="false"/>
            <line number="1273" hits="4" branch="true" condition-coverage="100% (2/2)"/>
            <line number="1274" hits="2" branch="false"/>
            <line number="1275" hits="2" branch="false"/>
            <line number="1276" hits="2" branch="false"/>
            <line number="1277" hits="2" branch="false"/>
            <line number="1278" hits="1" branch="false"/>
            <line number="1279" hits="1" branch="true" condition-coverage="50% (1/2)"/>
            <line number="1280" hits="1" branch="false"/>
            <line number="1283" hits="1" branch="true" condition-coverage="50% (1/2)"/>
            <line number="1284" hits="1" branch="false"/>
            <line number="1285" hits="2" branch="false"/>
            <line number="1286" hits="2" branch="true" condition-coverage="50% (1/2)"/>
            <line number="1287" hits="2" branch="false"/>
            <line number="1292" hits="2" branch="true" condition-coverage="100% (2/2)"/>
            <line number="1293" hits="1" branch="false"/>
            <line number="1296" hits="4" branch="false"/>
            <line number="1297" hits="4" branch="false"/>
            <line number="1299" hits="1" branch="false"/>
            <line number="1303" hits="3" branch="false"/>
            <line number="1305" hits="1" branch="false"/>
            <line number="1306" hits="1" branch="false"/>
          </lines>
        </class>
      </classes>
    </package>
    <package name="src.middlewares" line-rate="1" branch-rate="1">
      <classes>
        <class name="allowedMethods.ts" filename="src\middlewares\allowedMethods.ts" line-rate="1" branch-rate="1">
          <methods>
            <method name="(anonymous_0)" hits="330" signature="()V">
              <lines>
                <line number="20" hits="330"/>
              </lines>
            </method>
          </methods>
          <lines>
            <line number="8" hits="8" branch="false"/>
            <line number="21" hits="330" branch="true" condition-coverage="100% (2/2)"/>
            <line number="22" hits="1" branch="false"/>
            <line number="26" hits="329" branch="false"/>
          </lines>
        </class>
        <class name="authJwt.ts" filename="src\middlewares\authJwt.ts" line-rate="1" branch-rate="1">
          <methods>
            <method name="(anonymous_0)" hits="166" signature="()V">
              <lines>
                <line number="13" hits="166"/>
              </lines>
            </method>
            <method name="(anonymous_1)" hits="165" signature="()V">
              <lines>
                <line number="26" hits="165"/>
              </lines>
            </method>
          </methods>
          <lines>
            <line number="13" hits="8" branch="false"/>
            <line number="16" hits="166" branch="true" condition-coverage="100% (2/2)"/>
            <line number="17" hits="1" branch="false"/>
            <line number="18" hits="165" branch="true" condition-coverage="100% (2/2)"/>
            <line number="19" hits="1" branch="false"/>
            <line number="21" hits="164" branch="false"/>
            <line number="24" hits="166" branch="true" condition-coverage="100% (2/2)"/>
            <line number="26" hits="165" branch="false"/>
            <line number="27" hits="165" branch="true" condition-coverage="100% (2/2)"/>
            <line number="29" hits="1" branch="false"/>
            <line number="30" hits="1" branch="false"/>
            <line number="33" hits="164" branch="false"/>
            <line number="38" hits="1" branch="false"/>
          </lines>
        </class>
        <class name="cors.ts" filename="src\middlewares\cors.ts" line-rate="1" branch-rate="1">
          <methods>
            <method name="(anonymous_0)" hits="16" signature="()V">
              <lines>
                <line number="22" hits="16"/>
              </lines>
            </method>
          </methods>
          <lines>
            <line number="8" hits="8" branch="false"/>
            <line number="22" hits="16" branch="false"/>
          </lines>
        </class>
      </classes>
    </package>
    <package name="src.models" line-rate="0.862" branch-rate="0.6363">
      <classes>
        <class name="Booking.ts" filename="src\models\Booking.ts" line-rate="0.8332999999999999" branch-rate="0.5">
          <methods>
            <method name="(anonymous_0)" hits="10" signature="()V">
              <lines>
                <line number="69" hits="10"/>
              </lines>
            </method>
          </methods>
          <lines>
            <line number="5" hits="8" branch="false"/>
            <line number="67" hits="8" branch="false"/>
            <line number="69" hits="8" branch="false"/>
            <line number="70" hits="10" branch="true" condition-coverage="50% (1/2)"/>
            <line number="71" hits="0" branch="false"/>
            <line number="73" hits="10" branch="false"/>
          </lines>
        </class>
        <class name="Location.ts" filename="src\models\Location.ts" line-rate="0.8571" branch-rate="0.75">
          <methods>
            <method name="(anonymous_0)" hits="7" signature="()V">
              <lines>
                <line number="9" hits="7"/>
              </lines>
            </method>
            <method name="(anonymous_1)" hits="10" signature="()V">
              <lines>
                <line number="21" hits="10"/>
              </lines>
            </method>
          </methods>
          <lines>
            <line number="4" hits="8" branch="false"/>
            <line number="9" hits="7" branch="true" condition-coverage="100% (2/2)"/>
            <line number="19" hits="8" branch="false"/>
            <line number="21" hits="8" branch="false"/>
            <line number="22" hits="10" branch="true" condition-coverage="50% (1/2)"/>
            <line number="23" hits="0" branch="false"/>
            <line number="25" hits="10" branch="false"/>
          </lines>
        </class>
        <class name="LocationValue.ts" filename="src\models\LocationValue.ts" line-rate="0.8332999999999999" branch-rate="0.5">
          <methods>
            <method name="(anonymous_0)" hits="10" signature="()V">
              <lines>
                <line number="31" hits="10"/>
              </lines>
            </method>
          </methods>
          <lines>
            <line number="4" hits="8" branch="false"/>
            <line number="29" hits="8" branch="false"/>
            <line number="31" hits="8" branch="false"/>
            <line number="32" hits="10" branch="true" condition-coverage="50% (1/2)"/>
            <line number="33" hits="0" branch="false"/>
            <line number="35" hits="10" branch="false"/>
          </lines>
        </class>
        <class name="Notification.ts" filename="src\models\Notification.ts" line-rate="0.8332999999999999" branch-rate="0.5">
          <methods>
            <method name="(anonymous_0)" hits="10" signature="()V">
              <lines>
                <line number="34" hits="10"/>
              </lines>
            </method>
          </methods>
          <lines>
            <line number="4" hits="8" branch="false"/>
            <line number="32" hits="8" branch="false"/>
            <line number="34" hits="8" branch="false"/>
            <line number="35" hits="10" branch="true" condition-coverage="50% (1/2)"/>
            <line number="36" hits="0" branch="false"/>
            <line number="38" hits="10" branch="false"/>
          </lines>
        </class>
        <class name="NotificationCounter.ts" filename="src\models\NotificationCounter.ts" line-rate="0.8332999999999999" branch-rate="0.5">
          <methods>
            <method name="(anonymous_0)" hits="9" signature="()V">
              <lines>
                <line number="30" hits="9"/>
              </lines>
            </method>
          </methods>
          <lines>
            <line number="4" hits="8" branch="false"/>
            <line number="28" hits="8" branch="false"/>
            <line number="30" hits="8" branch="false"/>
            <line number="31" hits="9" branch="true" condition-coverage="50% (1/2)"/>
            <line number="32" hits="0" branch="false"/>
            <line number="34" hits="9" branch="false"/>
          </lines>
        </class>
        <class name="Property.ts" filename="src\models\Property.ts" line-rate="0.8332999999999999" branch-rate="0.5">
          <methods>
            <method name="(anonymous_0)" hits="10" signature="()V">
              <lines>
                <line number="136" hits="10"/>
              </lines>
            </method>
          </methods>
          <lines>
            <line number="5" hits="8" branch="false"/>
            <line number="134" hits="8" branch="false"/>
            <line number="136" hits="8" branch="false"/>
            <line number="137" hits="10" branch="true" condition-coverage="50% (1/2)"/>
            <line number="138" hits="0" branch="false"/>
            <line number="140" hits="10" branch="false"/>
          </lines>
        </class>
        <class name="PushToken.ts" filename="src\models\PushToken.ts" line-rate="0.8332999999999999" branch-rate="0.5">
          <methods>
            <method name="(anonymous_0)" hits="10" signature="()V">
              <lines>
                <line number="26" hits="10"/>
              </lines>
            </method>
          </methods>
          <lines>
            <line number="4" hits="8" branch="false"/>
            <line number="24" hits="8" branch="false"/>
            <line number="26" hits="8" branch="false"/>
            <line number="27" hits="10" branch="true" condition-coverage="50% (1/2)"/>
            <line number="28" hits="0" branch="false"/>
            <line number="30" hits="10" branch="false"/>
          </lines>
        </class>
        <class name="Token.ts" filename="src\models\Token.ts" line-rate="0.8332999999999999" branch-rate="0.5">
          <methods>
            <method name="(anonymous_0)" hits="10" signature="()V">
              <lines>
                <line number="29" hits="10"/>
              </lines>
            </method>
          </methods>
          <lines>
            <line number="4" hits="8" branch="false"/>
            <line number="27" hits="8" branch="false"/>
            <line number="29" hits="8" branch="false"/>
            <line number="30" hits="10" branch="true" condition-coverage="50% (1/2)"/>
            <line number="31" hits="0" branch="false"/>
            <line number="33" hits="10" branch="false"/>
          </lines>
        </class>
        <class name="User.ts" filename="src\models\User.ts" line-rate="1" branch-rate="1">
          <methods>
            <method name="(anonymous_0)" hits="26" signature="()V">
              <lines>
                <line number="30" hits="26"/>
              </lines>
            </method>
            <method name="(anonymous_1)" hits="10" signature="()V">
              <lines>
                <line number="108" hits="10"/>
              </lines>
            </method>
          </methods>
          <lines>
            <line number="6" hits="8" branch="false"/>
            <line number="32" hits="26" branch="true" condition-coverage="100% (2/2)"/>
            <line number="33" hits="1" branch="false"/>
            <line number="37" hits="25" branch="false"/>
            <line number="106" hits="8" branch="false"/>
            <line number="108" hits="8" branch="false"/>
            <line number="109" hits="10" branch="true" condition-coverage="100% (2/2)"/>
            <line number="110" hits="1" branch="false"/>
            <line number="112" hits="9" branch="false"/>
          </lines>
        </class>
      </classes>
    </package>
    <package name="src.routes" line-rate="1" branch-rate="1">
      <classes>
        <class name="agencyRoutes.ts" filename="src\routes\agencyRoutes.ts" line-rate="1" branch-rate="1">
          <methods>
          </methods>
          <lines>
            <line number="6" hits="8" branch="false"/>
            <line number="8" hits="8" branch="false"/>
            <line number="9" hits="8" branch="false"/>
            <line number="10" hits="8" branch="false"/>
            <line number="11" hits="8" branch="false"/>
            <line number="12" hits="8" branch="false"/>
            <line number="13" hits="8" branch="false"/>
          </lines>
        </class>
        <class name="bookingRoutes.ts" filename="src\routes\bookingRoutes.ts" line-rate="1" branch-rate="1">
          <methods>
          </methods>
          <lines>
            <line number="6" hits="8" branch="false"/>
            <line number="8" hits="8" branch="false"/>
            <line number="9" hits="8" branch="false"/>
            <line number="10" hits="8" branch="false"/>
            <line number="11" hits="8" branch="false"/>
            <line number="12" hits="8" branch="false"/>
            <line number="13" hits="8" branch="false"/>
            <line number="14" hits="8" branch="false"/>
            <line number="15" hits="8" branch="false"/>
            <line number="16" hits="8" branch="false"/>
          </lines>
        </class>
        <class name="locationRoutes.ts" filename="src\routes\locationRoutes.ts" line-rate="1" branch-rate="1">
          <methods>
          </methods>
          <lines>
            <line number="6" hits="8" branch="false"/>
            <line number="8" hits="8" branch="false"/>
            <line number="9" hits="8" branch="false"/>
            <line number="10" hits="8" branch="false"/>
            <line number="11" hits="8" branch="false"/>
            <line number="12" hits="8" branch="false"/>
            <line number="13" hits="8" branch="false"/>
            <line number="14" hits="8" branch="false"/>
          </lines>
        </class>
        <class name="notificationRoutes.ts" filename="src\routes\notificationRoutes.ts" line-rate="1" branch-rate="1">
          <methods>
          </methods>
          <lines>
            <line number="6" hits="8" branch="false"/>
            <line number="8" hits="8" branch="false"/>
            <line number="9" hits="8" branch="false"/>
            <line number="10" hits="8" branch="false"/>
            <line number="11" hits="8" branch="false"/>
            <line number="12" hits="8" branch="false"/>
          </lines>
        </class>
        <class name="propertyRoutes.ts" filename="src\routes\propertyRoutes.ts" line-rate="1" branch-rate="1">
          <methods>
          </methods>
          <lines>
            <line number="7" hits="8" branch="false"/>
            <line number="9" hits="8" branch="false"/>
            <line number="10" hits="8" branch="false"/>
            <line number="11" hits="8" branch="false"/>
            <line number="12" hits="8" branch="false"/>
            <line number="13" hits="8" branch="false"/>
            <line number="14" hits="8" branch="false"/>
            <line number="15" hits="8" branch="false"/>
            <line number="16" hits="8" branch="false"/>
            <line number="17" hits="8" branch="false"/>
            <line number="18" hits="8" branch="false"/>
            <line number="19" hits="8" branch="false"/>
          </lines>
        </class>
        <class name="userRoutes.ts" filename="src\routes\userRoutes.ts" line-rate="1" branch-rate="1">
          <methods>
          </methods>
          <lines>
            <line number="7" hits="8" branch="false"/>
            <line number="9" hits="8" branch="false"/>
            <line number="10" hits="8" branch="false"/>
            <line number="11" hits="8" branch="false"/>
            <line number="12" hits="8" branch="false"/>
            <line number="13" hits="8" branch="false"/>
            <line number="14" hits="8" branch="false"/>
            <line number="15" hits="8" branch="false"/>
            <line number="16" hits="8" branch="false"/>
            <line number="17" hits="8" branch="false"/>
            <line number="18" hits="8" branch="false"/>
            <line number="19" hits="8" branch="false"/>
            <line number="20" hits="8" branch="false"/>
            <line number="21" hits="8" branch="false"/>
            <line number="22" hits="8" branch="false"/>
            <line number="23" hits="8" branch="false"/>
            <line number="24" hits="8" branch="false"/>
            <line number="25" hits="8" branch="false"/>
            <line number="26" hits="8" branch="false"/>
            <line number="27" hits="8" branch="false"/>
            <line number="28" hits="8" branch="false"/>
            <line number="29" hits="8" branch="false"/>
            <line number="30" hits="8" branch="false"/>
            <line number="31" hits="8" branch="false"/>
            <line number="32" hits="8" branch="false"/>
            <line number="33" hits="8" branch="false"/>
            <line number="34" hits="8" branch="false"/>
            <line number="35" hits="8" branch="false"/>
            <line number="36" hits="8" branch="false"/>
          </lines>
        </class>
      </classes>
    </package>
  </packages>
</coverage>
